<?xml version="1.0" encoding="UTF-8"?>
<!-- Generated by org.testng.reporters.JUnitReportReporter -->
<testsuite skipped="0" hostname="Navnath" name="com.orangehrmlive.DataProviderTest" tests="2" failures="0" timestamp="03 Nov 2020 14:44:39 GMT" time="34.979" errors="0">
  <testcase name="dt" time="17.960" classname="com.orangehrmlive.DataProviderTest"/>
  <testcase name="dt" time="17.019" classname="com.orangehrmlive.DataProviderTest"/>
</testsuite> <!-- com.orangehrmlive.DataProviderTest -->
