<?xml version="1.0" encoding="UTF-8"?>
<!-- Generated by org.testng.reporters.JUnitReportReporter -->
<testsuite skipped="0" hostname="Navnath" name="com.orangehrmlive.TestNGDemo" tests="3" failures="0" timestamp="03 Nov 2020 14:42:09 GMT" time="28.370" errors="0">
  <testcase name="pimTest" time="6.484" classname="com.orangehrmlive.TestNGDemo"/>
  <testcase name="leaveTest" time="8.544" classname="com.orangehrmlive.TestNGDemo"/>
  <testcase name="adminTest" time="13.342" classname="com.orangehrmlive.TestNGDemo"/>
</testsuite> <!-- com.orangehrmlive.TestNGDemo -->
