<?xml version="1.0" encoding="UTF-8"?>
<!-- Generated by org.testng.reporters.JUnitReportReporter -->
<testsuite skipped="0" hostname="Navnath" name="com.orangehrmlive.XmlTest2" tests="1" failures="0" timestamp="03 Nov 2020 14:42:09 GMT" time="12.328" errors="0">
  <testcase name="paraTest1" time="12.328" classname="com.orangehrmlive.XmlTest2"/>
</testsuite> <!-- com.orangehrmlive.XmlTest2 -->
