<?xml version="1.0" encoding="UTF-8"?>
<!-- Generated by org.testng.reporters.JUnitReportReporter -->
<testsuite skipped="0" hostname="Navnath" name="com.orangehrmlive.XmlTest" tests="1" failures="0" timestamp="03 Nov 2020 14:42:08 GMT" time="15.546" errors="0">
  <testcase name="paraTest" time="15.546" classname="com.orangehrmlive.XmlTest"/>
</testsuite> <!-- com.orangehrmlive.XmlTest -->
