<?xml version="1.0" encoding="UTF-8"?>
<!-- Generated by org.testng.reporters.JUnitReportReporter -->
<testsuite skipped="0" hostname="Navnath" name="com.orangehrmlive.DataProviderTest" tests="2" failures="0" timestamp="07 Dec 2020 15:49:10 GMT" time="65.585" errors="0">
  <testcase name="dt" time="46.110" classname="com.orangehrmlive.DataProviderTest"/>
  <testcase name="dt" time="19.475" classname="com.orangehrmlive.DataProviderTest"/>
</testsuite> <!-- com.orangehrmlive.DataProviderTest -->
