<?xml version="1.0" encoding="UTF-8"?>
<!-- Generated by org.testng.reporters.JUnitReportReporter -->
<testsuite skipped="0" hostname="Navnath" name="com.orangehrmlive.GroupTest" tests="4" failures="0" timestamp="07 Dec 2020 15:49:10 GMT" time="0.004" errors="0">
  <testcase name="leaveModule1" time="0.001" classname="com.orangehrmlive.GroupTest"/>
  <testcase name="leaveModule2" time="0.001" classname="com.orangehrmlive.GroupTest"/>
  <testcase name="adminModule1" time="0.001" classname="com.orangehrmlive.GroupTest"/>
  <testcase name="adminModule2" time="0.001" classname="com.orangehrmlive.GroupTest"/>
</testsuite> <!-- com.orangehrmlive.GroupTest -->
