<?xml version="1.0" encoding="UTF-8"?>
<!-- Generated by org.testng.reporters.JUnitReportReporter -->
<testsuite skipped="0" hostname="Navnath" name="com.orangehrmlive.TestNGDemo" tests="3" failures="0" timestamp="07 Dec 2020 15:49:10 GMT" time="47.510" errors="0">
  <testcase name="pimTest" time="16.074" classname="com.orangehrmlive.TestNGDemo"/>
  <testcase name="adminTest" time="11.289" classname="com.orangehrmlive.TestNGDemo"/>
  <testcase name="leaveTest" time="20.147" classname="com.orangehrmlive.TestNGDemo"/>
</testsuite> <!-- com.orangehrmlive.TestNGDemo -->
